<?xml version="1.0" encoding="UTF-8"?>
<testng-results ignored="0" total="1" passed="1" failed="0" skipped="0">
  <reporter-output>
  </reporter-output>
  <suite started-at="2024-09-17T12:19:02 IST" name="Default suite" finished-at="2024-09-17T12:19:04 IST" duration-ms="1994">
    <groups>
    </groups>
    <test started-at="2024-09-17T12:19:02 IST" name="Default test" finished-at="2024-09-17T12:19:04 IST" duration-ms="1994">
      <class name="panCardMock.PaymentTest">
        <test-method signature="sampleTest()[pri:0, instance:panCardMock.PaymentTest@689604d9]" started-at="2024-09-17T12:19:02 IST" name="sampleTest" finished-at="2024-09-17T12:19:04 IST" duration-ms="1945" status="PASS">
          <reporter-output>
          </reporter-output>
        </test-method> <!-- sampleTest -->
      </class> <!-- panCardMock.PaymentTest -->
    </test> <!-- Default test -->
  </suite> <!-- Default suite -->
</testng-results>
